mktextfm SourceHanSansK
mktextfm SourceHanSansK
mktextfm SourceHanSansK
mktextfm SourceHanSansK/BI
mktextfm SourceHanSansK
mktextfm SourceHanSansK/B
mktextfm SourceHanSansK
mktextfm SourceHanSansK/I
mktextfm SourceHanSansK
mktextfm SourceHanSansK
mktextfm SourceHanSansK
mktextfm SourceHanSansK
mktextfm SourceHanSansK
mktextfm SourceHanSansK/BI
mktextfm SourceHanSansK
mktextfm SourceHanSansK/B
mktextfm SourceHanSansK
mktextfm SourceHanSansK/I
mktextfm SourceHanSansK
mktextfm SourceHanSansK
mktextfm SourceHanSansK
mktextfm SourceHanSansK/OT
mktextfm SourceHanSansK/OT
mktextfm SourceHanSansK/OT
mktextfm SourceHanSansK/BI/OT
mktextfm SourceHanSansK/OT
mktextfm SourceHanSansK/B/OT
mktextfm SourceHanSansK/OT
mktextfm SourceHanSansK/I/OT
mktextfm SourceHanSansK/OT
mktextfm SourceHanSansK/OT
mktextfm SourceHanSansK
mktextfm SourceHanSansK
mktextfm SourceHanSansK/OT
mktextfm SourceHanSansK/OT
mktextfm SourceHanSansK
mktextfm SourceHanSansK
mktextfm SourceHanSansK
mktextfm SourceHanSansK/OT
mktextfm SourceHanSansK
mktextfm SourceHanSansK/OT
mktextfm SourceHanSansK
mktextfm SourceHanSansK
mktextfm SourceHanSansK
mktextfm SourceHanSansK/BI
mktextfm SourceHanSansK
mktextfm SourceHanSansK/B
mktextfm SourceHanSansK
mktextfm SourceHanSansK/I
mktextfm SourceHanSansK
mktextfm SourceHanSansK
mktextfm SourceHanSansK
mktextfm SourceHanSansK
mktextfm SourceHanSansK
mktextfm SourceHanSansK/BI
mktextfm SourceHanSansK
mktextfm SourceHanSansK/B
mktextfm SourceHanSansK
mktextfm SourceHanSansK/I
mktextfm SourceHanSansK
mktextfm SourceHanSansK
mktextfm SourceHanSansK
mktextfm SourceHanSansK/OT
mktextfm SourceHanSansK/OT
mktextfm SourceHanSansK/OT
mktextfm SourceHanSansK/BI/OT
mktextfm SourceHanSansK/OT
mktextfm SourceHanSansK/B/OT
mktextfm SourceHanSansK/OT
mktextfm SourceHanSansK/I/OT
mktextfm SourceHanSansK/OT
mktextfm SourceHanSansK/OT
mktextfm SourceHanSansK
mktextfm SourceHanSansK
mktextfm SourceHanSansK/OT
mktextfm SourceHanSansK/OT
mktextfm SourceHanSansK
mktextfm SourceHanSansK
mktextfm SourceHanSansK
mktextfm SourceHanSansK/OT
mktextfm SourceHanSansK
mktextfm SourceHanSansK/OT
